# JRE version: OpenJDK Runtime Environment (21.0.3) (build 21.0.3+-12282718-b509.11)
# Java VM: OpenJDK 64-Bit Server VM (21.0.3+-12282718-b509.11, mixed mode, tiered, compressed oops, compressed class ptrs, g1 gc, windows-amd64)
GC Precious Log:
 CardTable entry size: 512
 Card Set container configuration: InlinePtr #cards 5 size 8 Array Of Cards #cards 12 size 40 Howl #buckets 4 coarsen threshold 1843 Howl Bitmap #cards 512 size 80 coarsen threshold 460 Card regions per heap region 1 cards per card region 2048
 CPUs: 12 total, 12 available
 Memory: 7532M
 Large Page Support: Disabled
 NUMA Support: Disabled
 Compressed Oops: Enabled (32-bit)
 Heap Region Size: 1M
 Heap Min Capacity: 8M
 Heap Initial Capacity: 118M
 Heap Max Capacity: 2G
 Pre-touch: Disabled
 Parallel Workers: 10
 Concurrent Workers: 3
 Concurrent Refinement Workers: 10
 Periodic GC: Disabled
Heap:
 garbage-first heap   total 148480K, used 109568K [0x0000000080000000, 0x0000000100000000)
  region size 1024K, 28 young (28672K), 7 survivors (7168K)
 Metaspace       used 90619K, committed 92544K, reserved 1179648K
  class space    used 12343K, committed 13312K, reserved 1048576K
GC Heap History (20 events):
Event: 6.037 GC heap before
{Heap before GC invocations=14 (full 0):
 garbage-first heap   total 107520K, used 92876K [0x0000000080000000, 0x0000000100000000)
  region size 1024K, 56 young (57344K), 7 survivors (7168K)
 Metaspace       used 65910K, committed 67520K, reserved 1114112K
  class space    used 9103K, committed 9920K, reserved 1048576K
}
Event: 6.043 GC heap after
{Heap after GC invocations=15 (full 0):
 garbage-first heap   total 107520K, used 47164K [0x0000000080000000, 0x0000000100000000)
  region size 1024K, 5 young (5120K), 5 survivors (5120K)
 Metaspace       used 65910K, committed 67520K, reserved 1114112K
  class space    used 9103K, committed 9920K, reserved 1048576K
}
Event: 6.185 GC heap before
{Heap before GC invocations=15 (full 0):
 garbage-first heap   total 107520K, used 94268K [0x0000000080000000, 0x0000000100000000)
  region size 1024K, 52 young (53248K), 5 survivors (5120K)
 Metaspace       used 66161K, committed 67776K, reserved 1114112K
  class space    used 9103K, committed 9920K, reserved 1048576K
}
Event: 6.189 GC heap after
{Heap after GC invocations=16 (full 0):
 garbage-first heap   total 107520K, used 48481K [0x0000000080000000, 0x0000000100000000)
  region size 1024K, 4 young (4096K), 4 survivors (4096K)
 Metaspace       used 66161K, committed 67776K, reserved 1114112K
  class space    used 9103K, committed 9920K, reserved 1048576K
}
Event: 6.310 GC heap before
{Heap before GC invocations=16 (full 0):
 garbage-first heap   total 107520K, used 94561K [0x0000000080000000, 0x0000000100000000)
  region size 1024K, 50 young (51200K), 4 survivors (4096K)
 Metaspace       used 66247K, committed 67840K, reserved 1114112K
  class space    used 9103K, committed 9920K, reserved 1048576K
}
Event: 6.313 GC heap after
{Heap after GC invocations=17 (full 0):
 garbage-first heap   total 129024K, used 49228K [0x0000000080000000, 0x0000000100000000)
  region size 1024K, 5 young (5120K), 5 survivors (5120K)
 Metaspace       used 66247K, committed 67840K, reserved 1114112K
  class space    used 9103K, committed 9920K, reserved 1048576K
}
Event: 7.066 GC heap before
{Heap before GC invocations=18 (full 0):
 garbage-first heap   total 129024K, used 127052K [0x0000000080000000, 0x0000000100000000)
  region size 1024K, 68 young (69632K), 5 survivors (5120K)
 Metaspace       used 70060K, committed 71808K, reserved 1114112K
  class space    used 9630K, committed 10496K, reserved 1048576K
}
Event: 7.073 GC heap after
{Heap after GC invocations=19 (full 0):
 garbage-first heap   total 141312K, used 70389K [0x0000000080000000, 0x0000000100000000)
  region size 1024K, 9 young (9216K), 9 survivors (9216K)
 Metaspace       used 70060K, committed 71808K, reserved 1114112K
  class space    used 9630K, committed 10496K, reserved 1048576K
}
Event: 7.706 GC heap before
{Heap before GC invocations=19 (full 0):
 garbage-first heap   total 141312K, used 123637K [0x0000000080000000, 0x0000000100000000)
  region size 1024K, 61 young (62464K), 9 survivors (9216K)
 Metaspace       used 75634K, committed 77440K, reserved 1179648K
  class space    used 10363K, committed 11264K, reserved 1048576K
}
Event: 7.713 GC heap after
{Heap after GC invocations=20 (full 0):
 garbage-first heap   total 141312K, used 72854K [0x0000000080000000, 0x0000000100000000)
  region size 1024K, 3 young (3072K), 3 survivors (3072K)
 Metaspace       used 75634K, committed 77440K, reserved 1179648K
  class space    used 10363K, committed 11264K, reserved 1048576K
}
Event: 7.800 GC heap before
{Heap before GC invocations=20 (full 0):
 garbage-first heap   total 141312K, used 75926K [0x0000000080000000, 0x0000000100000000)
  region size 1024K, 7 young (7168K), 3 survivors (3072K)
 Metaspace       used 76860K, committed 78656K, reserved 1179648K
  class space    used 10492K, committed 11392K, reserved 1048576K
}
Event: 7.803 GC heap after
{Heap after GC invocations=21 (full 0):
 garbage-first heap   total 141312K, used 73467K [0x0000000080000000, 0x0000000100000000)
  region size 1024K, 4 young (4096K), 4 survivors (4096K)
 Metaspace       used 76860K, committed 78656K, reserved 1179648K
  class space    used 10492K, committed 11392K, reserved 1048576K
}
Event: 8.290 GC heap before
{Heap before GC invocations=22 (full 0):
 garbage-first heap   total 148480K, used 131835K [0x0000000080000000, 0x0000000100000000)
  region size 1024K, 56 young (57344K), 4 survivors (4096K)
 Metaspace       used 80061K, committed 81920K, reserved 1179648K
  class space    used 10928K, committed 11904K, reserved 1048576K
}
Event: 8.295 GC heap after
{Heap after GC invocations=23 (full 0):
 garbage-first heap   total 148480K, used 78537K [0x0000000080000000, 0x0000000100000000)
  region size 1024K, 7 young (7168K), 7 survivors (7168K)
 Metaspace       used 80061K, committed 81920K, reserved 1179648K
  class space    used 10928K, committed 11904K, reserved 1048576K
}
Event: 8.930 GC heap before
{Heap before GC invocations=23 (full 0):
 garbage-first heap   total 148480K, used 131785K [0x0000000080000000, 0x0000000100000000)
  region size 1024K, 59 young (60416K), 7 survivors (7168K)
 Metaspace       used 85498K, committed 87296K, reserved 1179648K
  class space    used 11635K, committed 12544K, reserved 1048576K
}
Event: 8.937 GC heap after
{Heap after GC invocations=24 (full 0):
 garbage-first heap   total 148480K, used 81030K [0x0000000080000000, 0x0000000100000000)
  region size 1024K, 3 young (3072K), 3 survivors (3072K)
 Metaspace       used 85498K, committed 87296K, reserved 1179648K
  class space    used 11635K, committed 12544K, reserved 1048576K
}
Event: 9.121 GC heap before
{Heap before GC invocations=24 (full 0):
 garbage-first heap   total 148480K, used 100486K [0x0000000080000000, 0x0000000100000000)
  region size 1024K, 23 young (23552K), 3 survivors (3072K)
 Metaspace       used 86970K, committed 88832K, reserved 1179648K
  class space    used 11829K, committed 12736K, reserved 1048576K
}
Event: 9.123 GC heap after
{Heap after GC invocations=25 (full 0):
 garbage-first heap   total 148480K, used 81167K [0x0000000080000000, 0x0000000100000000)
  region size 1024K, 4 young (4096K), 4 survivors (4096K)
 Metaspace       used 86970K, committed 88832K, reserved 1179648K
  class space    used 11829K, committed 12736K, reserved 1048576K
}
Event: 9.622 GC heap before
{Heap before GC invocations=26 (full 0):
 garbage-first heap   total 148480K, used 137487K [0x0000000080000000, 0x0000000100000000)
  region size 1024K, 56 young (57344K), 4 survivors (4096K)
 Metaspace       used 88978K, committed 90880K, reserved 1179648K
  class space    used 12109K, committed 13056K, reserved 1048576K
}
Event: 9.627 GC heap after
{Heap after GC invocations=27 (full 0):
 garbage-first heap   total 148480K, used 89088K [0x0000000080000000, 0x0000000100000000)
  region size 1024K, 7 young (7168K), 7 survivors (7168K)
 Metaspace       used 88978K, committed 90880K, reserved 1179648K
  class space    used 12109K, committed 13056K, reserved 1048576K
}

