# JRE version: OpenJDK Runtime Environment (21.0.3) (build 21.0.3+-12282718-b509.11)
# Java VM: OpenJDK 64-Bit Server VM (21.0.3+-12282718-b509.11, mixed mode, tiered, compressed oops, compressed class ptrs, g1 gc, windows-amd64)
GC Precious Log:
 CardTable entry size: 512
 Card Set container configuration: InlinePtr #cards 5 size 8 Array Of Cards #cards 12 size 40 Howl #buckets 4 coarsen threshold 1843 Howl Bitmap #cards 512 size 80 coarsen threshold 460 Card regions per heap region 1 cards per card region 2048
 CPUs: 12 total, 12 available
 Memory: 7532M
 Large Page Support: Disabled
 NUMA Support: Disabled
 Compressed Oops: Enabled (32-bit)
 Heap Region Size: 1M
 Heap Min Capacity: 8M
 Heap Initial Capacity: 118M
 Heap Max Capacity: 2G
 Pre-touch: Disabled
 Parallel Workers: 10
 Concurrent Workers: 3
 Concurrent Refinement Workers: 10
 Periodic GC: Disabled
Heap:
 garbage-first heap   total 137216K, used 127896K [0x0000000080000000, 0x0000000100000000)
  region size 1024K, 71 young (72704K), 8 survivors (8192K)
 Metaspace       used 70018K, committed 71744K, reserved 1114112K
  class space    used 9612K, committed 10496K, reserved 1048576K
GC Heap History (20 events):
Event: 3.105 GC heap after
{Heap after GC invocations=6 (full 0):
 garbage-first heap   total 89088K, used 27092K [0x0000000080000000, 0x0000000100000000)
  region size 1024K, 6 young (6144K), 6 survivors (6144K)
 Metaspace       used 35212K, committed 35968K, reserved 1114112K
  class space    used 4756K, committed 5120K, reserved 1048576K
}
Event: 3.140 GC heap before
{Heap before GC invocations=6 (full 0):
 garbage-first heap   total 89088K, used 29140K [0x0000000080000000, 0x0000000100000000)
  region size 1024K, 9 young (9216K), 6 survivors (6144K)
 Metaspace       used 35478K, committed 36288K, reserved 1114112K
  class space    used 4809K, committed 5184K, reserved 1048576K
}
Event: 3.142 GC heap after
{Heap after GC invocations=7 (full 0):
 garbage-first heap   total 89088K, used 27311K [0x0000000080000000, 0x0000000100000000)
  region size 1024K, 3 young (3072K), 3 survivors (3072K)
 Metaspace       used 35478K, committed 36288K, reserved 1114112K
  class space    used 4809K, committed 5184K, reserved 1048576K
}
Event: 3.702 GC heap before
{Heap before GC invocations=8 (full 0):
 garbage-first heap   total 89088K, used 72367K [0x0000000080000000, 0x0000000100000000)
  region size 1024K, 47 young (48128K), 3 survivors (3072K)
 Metaspace       used 43665K, committed 44864K, reserved 1114112K
  class space    used 5905K, committed 6528K, reserved 1048576K
}
Event: 3.705 GC heap after
{Heap after GC invocations=9 (full 0):
 garbage-first heap   total 107520K, used 30947K [0x0000000080000000, 0x0000000100000000)
  region size 1024K, 6 young (6144K), 6 survivors (6144K)
 Metaspace       used 43665K, committed 44864K, reserved 1114112K
  class space    used 5905K, committed 6528K, reserved 1048576K
}
Event: 4.124 GC heap before
{Heap before GC invocations=9 (full 0):
 garbage-first heap   total 107520K, used 88291K [0x0000000080000000, 0x0000000100000000)
  region size 1024K, 63 young (64512K), 6 survivors (6144K)
 Metaspace       used 47270K, committed 48512K, reserved 1114112K
  class space    used 6386K, committed 6976K, reserved 1048576K
}
Event: 4.129 GC heap after
{Heap after GC invocations=10 (full 0):
 garbage-first heap   total 107520K, used 34221K [0x0000000080000000, 0x0000000100000000)
  region size 1024K, 8 young (8192K), 8 survivors (8192K)
 Metaspace       used 47270K, committed 48512K, reserved 1114112K
  class space    used 6386K, committed 6976K, reserved 1048576K
}
Event: 4.829 GC heap before
{Heap before GC invocations=10 (full 0):
 garbage-first heap   total 107520K, used 92589K [0x0000000080000000, 0x0000000100000000)
  region size 1024K, 63 young (64512K), 8 survivors (8192K)
 Metaspace       used 55239K, committed 56640K, reserved 1114112K
  class space    used 7502K, committed 8192K, reserved 1048576K
}
Event: 4.834 GC heap after
{Heap after GC invocations=11 (full 0):
 garbage-first heap   total 107520K, used 36535K [0x0000000080000000, 0x0000000100000000)
  region size 1024K, 6 young (6144K), 6 survivors (6144K)
 Metaspace       used 55239K, committed 56640K, reserved 1114112K
  class space    used 7502K, committed 8192K, reserved 1048576K
}
Event: 5.171 GC heap before
{Heap before GC invocations=11 (full 0):
 garbage-first heap   total 107520K, used 62135K [0x0000000080000000, 0x0000000100000000)
  region size 1024K, 32 young (32768K), 6 survivors (6144K)
 Metaspace       used 59134K, committed 60608K, reserved 1114112K
  class space    used 8077K, committed 8832K, reserved 1048576K
}
Event: 5.174 GC heap after
{Heap after GC invocations=12 (full 0):
 garbage-first heap   total 107520K, used 38008K [0x0000000080000000, 0x0000000100000000)
  region size 1024K, 5 young (5120K), 5 survivors (5120K)
 Metaspace       used 59134K, committed 60608K, reserved 1114112K
  class space    used 8077K, committed 8832K, reserved 1048576K
}
Event: 6.140 GC heap before
{Heap before GC invocations=13 (full 0):
 garbage-first heap   total 107520K, used 94328K [0x0000000080000000, 0x0000000100000000)
  region size 1024K, 60 young (61440K), 5 survivors (5120K)
 Metaspace       used 64948K, committed 66496K, reserved 1114112K
  class space    used 8966K, committed 9728K, reserved 1048576K
}
Event: 6.146 GC heap after
{Heap after GC invocations=14 (full 0):
 garbage-first heap   total 107520K, used 43008K [0x0000000080000000, 0x0000000100000000)
  region size 1024K, 8 young (8192K), 8 survivors (8192K)
 Metaspace       used 64948K, committed 66496K, reserved 1114112K
  class space    used 8966K, committed 9728K, reserved 1048576K
}
Event: 6.461 GC heap before
{Heap before GC invocations=14 (full 0):
 garbage-first heap   total 107520K, used 92160K [0x0000000080000000, 0x0000000100000000)
  region size 1024K, 57 young (58368K), 8 survivors (8192K)
 Metaspace       used 65918K, committed 67520K, reserved 1114112K
  class space    used 9096K, committed 9856K, reserved 1048576K
}
Event: 6.469 GC heap after
{Heap after GC invocations=15 (full 0):
 garbage-first heap   total 107520K, used 46471K [0x0000000080000000, 0x0000000100000000)
  region size 1024K, 5 young (5120K), 5 survivors (5120K)
 Metaspace       used 65918K, committed 67520K, reserved 1114112K
  class space    used 9096K, committed 9856K, reserved 1048576K
}
Event: 6.648 GC heap before
{Heap before GC invocations=15 (full 0):
 garbage-first heap   total 107520K, used 93575K [0x0000000080000000, 0x0000000100000000)
  region size 1024K, 52 young (53248K), 5 survivors (5120K)
 Metaspace       used 66171K, committed 67776K, reserved 1114112K
  class space    used 9096K, committed 9856K, reserved 1048576K
}
Event: 6.652 GC heap after
{Heap after GC invocations=16 (full 0):
 garbage-first heap   total 107520K, used 48017K [0x0000000080000000, 0x0000000100000000)
  region size 1024K, 4 young (4096K), 4 survivors (4096K)
 Metaspace       used 66171K, committed 67776K, reserved 1114112K
  class space    used 9096K, committed 9856K, reserved 1048576K
}
Event: 6.858 GC heap before
{Heap before GC invocations=16 (full 0):
 garbage-first heap   total 107520K, used 94097K [0x0000000080000000, 0x0000000100000000)
  region size 1024K, 50 young (51200K), 4 survivors (4096K)
 Metaspace       used 66277K, committed 67840K, reserved 1114112K
  class space    used 9096K, committed 9856K, reserved 1048576K
}
Event: 6.863 GC heap after
{Heap after GC invocations=17 (full 0):
 garbage-first heap   total 129024K, used 49048K [0x0000000080000000, 0x0000000100000000)
  region size 1024K, 5 young (5120K), 5 survivors (5120K)
 Metaspace       used 66277K, committed 67840K, reserved 1114112K
  class space    used 9096K, committed 9856K, reserved 1048576K
}
Event: 7.757 GC heap before
{Heap before GC invocations=18 (full 0):
 garbage-first heap   total 129024K, used 126872K [0x0000000080000000, 0x0000000100000000)
  region size 1024K, 68 young (69632K), 5 survivors (5120K)
 Metaspace       used 70018K, committed 71744K, reserved 1114112K
  class space    used 9612K, committed 10496K, reserved 1048576K
}

