# JRE version: OpenJDK Runtime Environment (21.0.3) (build 21.0.3+-12282718-b509.11)
# Java VM: OpenJDK 64-Bit Server VM (21.0.3+-12282718-b509.11, mixed mode, tiered, compressed oops, compressed class ptrs, g1 gc, windows-amd64)
GC Precious Log:
 CardTable entry size: 512
 Card Set container configuration: InlinePtr #cards 5 size 8 Array Of Cards #cards 12 size 40 Howl #buckets 4 coarsen threshold 1843 Howl Bitmap #cards 512 size 80 coarsen threshold 460 Card regions per heap region 1 cards per card region 2048
 CPUs: 12 total, 12 available
 Memory: 7532M
 Large Page Support: Disabled
 NUMA Support: Disabled
 Compressed Oops: Enabled (32-bit)
 Heap Region Size: 1M
 Heap Min Capacity: 8M
 Heap Initial Capacity: 118M
 Heap Max Capacity: 2G
 Pre-touch: Disabled
 Parallel Workers: 10
 Concurrent Workers: 3
 Concurrent Refinement Workers: 10
 Periodic GC: Disabled
Heap:
 garbage-first heap   total 150528K, used 117384K [0x0000000080000000, 0x0000000100000000)
  region size 1024K, 46 young (47104K), 7 survivors (7168K)
 Metaspace       used 84250K, committed 86016K, reserved 1179648K
  class space    used 11460K, committed 12352K, reserved 1048576K
GC Heap History (20 events):
Event: 4.853 GC heap before
{Heap before GC invocations=10 (full 0):
 garbage-first heap   total 107520K, used 91811K [0x0000000080000000, 0x0000000100000000)
  region size 1024K, 63 young (64512K), 8 survivors (8192K)
 Metaspace       used 55310K, committed 56704K, reserved 1114112K
  class space    used 7518K, committed 8192K, reserved 1048576K
}
Event: 4.858 GC heap after
{Heap after GC invocations=11 (full 0):
 garbage-first heap   total 107520K, used 36990K [0x0000000080000000, 0x0000000100000000)
  region size 1024K, 7 young (7168K), 7 survivors (7168K)
 Metaspace       used 55310K, committed 56704K, reserved 1114112K
  class space    used 7518K, committed 8192K, reserved 1048576K
}
Event: 5.243 GC heap before
{Heap before GC invocations=11 (full 0):
 garbage-first heap   total 107520K, used 65662K [0x0000000080000000, 0x0000000100000000)
  region size 1024K, 36 young (36864K), 7 survivors (7168K)
 Metaspace       used 59398K, committed 60800K, reserved 1114112K
  class space    used 8119K, committed 8832K, reserved 1048576K
}
Event: 5.248 GC heap after
{Heap after GC invocations=12 (full 0):
 garbage-first heap   total 107520K, used 38612K [0x0000000080000000, 0x0000000100000000)
  region size 1024K, 5 young (5120K), 5 survivors (5120K)
 Metaspace       used 59398K, committed 60800K, reserved 1114112K
  class space    used 8119K, committed 8832K, reserved 1048576K
}
Event: 6.128 GC heap before
{Heap before GC invocations=13 (full 0):
 garbage-first heap   total 107520K, used 93908K [0x0000000080000000, 0x0000000100000000)
  region size 1024K, 59 young (60416K), 5 survivors (5120K)
 Metaspace       used 64904K, committed 66496K, reserved 1114112K
  class space    used 8960K, committed 9728K, reserved 1048576K
}
Event: 6.133 GC heap after
{Heap after GC invocations=14 (full 0):
 garbage-first heap   total 107520K, used 43314K [0x0000000080000000, 0x0000000100000000)
  region size 1024K, 8 young (8192K), 8 survivors (8192K)
 Metaspace       used 64904K, committed 66496K, reserved 1114112K
  class space    used 8960K, committed 9728K, reserved 1048576K
}
Event: 6.450 GC heap before
{Heap before GC invocations=14 (full 0):
 garbage-first heap   total 107520K, used 91442K [0x0000000080000000, 0x0000000100000000)
  region size 1024K, 56 young (57344K), 8 survivors (8192K)
 Metaspace       used 65840K, committed 67392K, reserved 1114112K
  class space    used 9084K, committed 9856K, reserved 1048576K
}
Event: 6.460 GC heap after
{Heap after GC invocations=15 (full 0):
 garbage-first heap   total 107520K, used 47111K [0x0000000080000000, 0x0000000100000000)
  region size 1024K, 5 young (5120K), 5 survivors (5120K)
 Metaspace       used 65840K, committed 67392K, reserved 1114112K
  class space    used 9084K, committed 9856K, reserved 1048576K
}
Event: 6.632 GC heap before
{Heap before GC invocations=15 (full 0):
 garbage-first heap   total 107520K, used 93191K [0x0000000080000000, 0x0000000100000000)
  region size 1024K, 51 young (52224K), 5 survivors (5120K)
 Metaspace       used 66091K, committed 67648K, reserved 1114112K
  class space    used 9084K, committed 9856K, reserved 1048576K
}
Event: 6.637 GC heap after
{Heap after GC invocations=16 (full 0):
 garbage-first heap   total 107520K, used 48478K [0x0000000080000000, 0x0000000100000000)
  region size 1024K, 4 young (4096K), 4 survivors (4096K)
 Metaspace       used 66091K, committed 67648K, reserved 1114112K
  class space    used 9084K, committed 9856K, reserved 1048576K
}
Event: 6.770 GC heap before
{Heap before GC invocations=16 (full 0):
 garbage-first heap   total 107520K, used 95582K [0x0000000080000000, 0x0000000100000000)
  region size 1024K, 50 young (51200K), 4 survivors (4096K)
 Metaspace       used 66177K, committed 67712K, reserved 1114112K
  class space    used 9084K, committed 9856K, reserved 1048576K
}
Event: 6.774 GC heap after
{Heap after GC invocations=17 (full 0):
 garbage-first heap   total 129024K, used 49065K [0x0000000080000000, 0x0000000100000000)
  region size 1024K, 5 young (5120K), 5 survivors (5120K)
 Metaspace       used 66177K, committed 67712K, reserved 1114112K
  class space    used 9084K, committed 9856K, reserved 1048576K
}
Event: 7.501 GC heap before
{Heap before GC invocations=18 (full 0):
 garbage-first heap   total 129024K, used 126889K [0x0000000080000000, 0x0000000100000000)
  region size 1024K, 68 young (69632K), 5 survivors (5120K)
 Metaspace       used 69988K, committed 71744K, reserved 1114112K
  class space    used 9607K, committed 10496K, reserved 1048576K
}
Event: 7.508 GC heap after
{Heap after GC invocations=19 (full 0):
 garbage-first heap   total 141312K, used 70493K [0x0000000080000000, 0x0000000100000000)
  region size 1024K, 9 young (9216K), 9 survivors (9216K)
 Metaspace       used 69988K, committed 71744K, reserved 1114112K
  class space    used 9607K, committed 10496K, reserved 1048576K
}
Event: 8.163 GC heap before
{Heap before GC invocations=19 (full 0):
 garbage-first heap   total 141312K, used 123741K [0x0000000080000000, 0x0000000100000000)
  region size 1024K, 61 young (62464K), 9 survivors (9216K)
 Metaspace       used 75567K, committed 77312K, reserved 1179648K
  class space    used 10340K, committed 11200K, reserved 1048576K
}
Event: 8.169 GC heap after
{Heap after GC invocations=20 (full 0):
 garbage-first heap   total 141312K, used 72696K [0x0000000080000000, 0x0000000100000000)
  region size 1024K, 3 young (3072K), 3 survivors (3072K)
 Metaspace       used 75567K, committed 77312K, reserved 1179648K
  class space    used 10340K, committed 11200K, reserved 1048576K
}
Event: 8.269 GC heap before
{Heap before GC invocations=20 (full 0):
 garbage-first heap   total 141312K, used 75768K [0x0000000080000000, 0x0000000100000000)
  region size 1024K, 7 young (7168K), 3 survivors (3072K)
 Metaspace       used 76789K, committed 78528K, reserved 1179648K
  class space    used 10469K, committed 11328K, reserved 1048576K
}
Event: 8.272 GC heap after
{Heap after GC invocations=21 (full 0):
 garbage-first heap   total 141312K, used 73523K [0x0000000080000000, 0x0000000100000000)
  region size 1024K, 4 young (4096K), 4 survivors (4096K)
 Metaspace       used 76789K, committed 78528K, reserved 1179648K
  class space    used 10469K, committed 11328K, reserved 1048576K
}
Event: 8.756 GC heap before
{Heap before GC invocations=22 (full 0):
 garbage-first heap   total 150528K, used 131891K [0x0000000080000000, 0x0000000100000000)
  region size 1024K, 56 young (57344K), 4 survivors (4096K)
 Metaspace       used 79985K, committed 81792K, reserved 1179648K
  class space    used 10904K, committed 11840K, reserved 1048576K
}
Event: 8.759 GC heap after
{Heap after GC invocations=23 (full 0):
 garbage-first heap   total 150528K, used 78472K [0x0000000080000000, 0x0000000100000000)
  region size 1024K, 7 young (7168K), 7 survivors (7168K)
 Metaspace       used 79985K, committed 81792K, reserved 1179648K
  class space    used 10904K, committed 11840K, reserved 1048576K
}

