# JRE version: OpenJDK Runtime Environment (21.0.3) (build 21.0.3+-12282718-b509.11)
# Java VM: OpenJDK 64-Bit Server VM (21.0.3+-12282718-b509.11, mixed mode, tiered, compressed oops, compressed class ptrs, g1 gc, windows-amd64)
GC Precious Log:
 CardTable entry size: 512
 Card Set container configuration: InlinePtr #cards 5 size 8 Array Of Cards #cards 12 size 40 Howl #buckets 4 coarsen threshold 1843 Howl Bitmap #cards 512 size 80 coarsen threshold 460 Card regions per heap region 1 cards per card region 2048
 CPUs: 12 total, 12 available
 Memory: 7532M
 Large Page Support: Disabled
 NUMA Support: Disabled
 Compressed Oops: Enabled (32-bit)
 Heap Region Size: 1M
 Heap Min Capacity: 8M
 Heap Initial Capacity: 118M
 Heap Max Capacity: 2G
 Pre-touch: Disabled
 Parallel Workers: 10
 Concurrent Workers: 3
 Concurrent Refinement Workers: 10
 Periodic GC: Disabled
Heap:
 garbage-first heap   total 206848K, used 119998K [0x0000000080000000, 0x0000000100000000)
  region size 1024K, 3 young (3072K), 3 survivors (3072K)
 Metaspace       used 124128K, committed 126464K, reserved 1179648K
  class space    used 17277K, committed 18432K, reserved 1048576K
GC Heap History (20 events):
Event: 15.189 GC heap after
{Heap after GC invocations=29 (full 0):
 garbage-first heap   total 147456K, used 91507K [0x0000000080000000, 0x0000000100000000)
  region size 1024K, 4 young (4096K), 4 survivors (4096K)
 Metaspace       used 95752K, committed 97664K, reserved 1179648K
  class space    used 13194K, committed 14144K, reserved 1048576K
}
Event: 15.613 GC heap before
{Heap before GC invocations=30 (full 0):
 garbage-first heap   total 160768K, used 132467K [0x0000000080000000, 0x0000000100000000)
  region size 1024K, 44 young (45056K), 4 survivors (4096K)
 Metaspace       used 98274K, committed 100288K, reserved 1179648K
  class space    used 13610K, committed 14592K, reserved 1048576K
}
Event: 15.616 GC heap after
{Heap after GC invocations=31 (full 0):
 garbage-first heap   total 160768K, used 93650K [0x0000000080000000, 0x0000000100000000)
  region size 1024K, 4 young (4096K), 4 survivors (4096K)
 Metaspace       used 98274K, committed 100288K, reserved 1179648K
  class space    used 13610K, committed 14592K, reserved 1048576K
}
Event: 16.396 GC heap before
{Heap before GC invocations=31 (full 0):
 garbage-first heap   total 160768K, used 146898K [0x0000000080000000, 0x0000000100000000)
  region size 1024K, 56 young (57344K), 4 survivors (4096K)
 Metaspace       used 102374K, committed 104448K, reserved 1179648K
  class space    used 14193K, committed 15232K, reserved 1048576K
}
Event: 16.401 GC heap after
{Heap after GC invocations=32 (full 0):
 garbage-first heap   total 160768K, used 96162K [0x0000000080000000, 0x0000000100000000)
  region size 1024K, 7 young (7168K), 7 survivors (7168K)
 Metaspace       used 102374K, committed 104448K, reserved 1179648K
  class space    used 14193K, committed 15232K, reserved 1048576K
}
Event: 17.013 GC heap before
{Heap before GC invocations=32 (full 0):
 garbage-first heap   total 160768K, used 144290K [0x0000000080000000, 0x0000000100000000)
  region size 1024K, 54 young (55296K), 7 survivors (7168K)
 Metaspace       used 106620K, committed 108736K, reserved 1179648K
  class space    used 14772K, committed 15808K, reserved 1048576K
}
Event: 17.019 GC heap after
{Heap after GC invocations=33 (full 0):
 garbage-first heap   total 160768K, used 99087K [0x0000000080000000, 0x0000000100000000)
  region size 1024K, 7 young (7168K), 7 survivors (7168K)
 Metaspace       used 106620K, committed 108736K, reserved 1179648K
  class space    used 14772K, committed 15808K, reserved 1048576K
}
Event: 18.712 GC heap before
{Heap before GC invocations=34 (full 0):
 garbage-first heap   total 174080K, used 142095K [0x0000000080000000, 0x0000000100000000)
  region size 1024K, 50 young (51200K), 7 survivors (7168K)
 Metaspace       used 109662K, committed 111808K, reserved 1179648K
  class space    used 15232K, committed 16320K, reserved 1048576K
}
Event: 18.720 GC heap after
{Heap after GC invocations=35 (full 0):
 garbage-first heap   total 174080K, used 103526K [0x0000000080000000, 0x0000000100000000)
  region size 1024K, 7 young (7168K), 7 survivors (7168K)
 Metaspace       used 109662K, committed 111808K, reserved 1179648K
  class space    used 15232K, committed 16320K, reserved 1048576K
}
Event: 19.218 GC heap before
{Heap before GC invocations=35 (full 0):
 garbage-first heap   total 174080K, used 155750K [0x0000000080000000, 0x0000000100000000)
  region size 1024K, 59 young (60416K), 7 survivors (7168K)
 Metaspace       used 110021K, committed 112128K, reserved 1179648K
  class space    used 15304K, committed 16384K, reserved 1048576K
}
Event: 19.227 GC heap after
{Heap after GC invocations=36 (full 0):
 garbage-first heap   total 174080K, used 107026K [0x0000000080000000, 0x0000000100000000)
  region size 1024K, 5 young (5120K), 5 survivors (5120K)
 Metaspace       used 110021K, committed 112128K, reserved 1179648K
  class space    used 15304K, committed 16384K, reserved 1048576K
}
Event: 19.939 GC heap before
{Heap before GC invocations=36 (full 0):
 garbage-first heap   total 174080K, used 157202K [0x0000000080000000, 0x0000000100000000)
  region size 1024K, 55 young (56320K), 5 survivors (5120K)
 Metaspace       used 110340K, committed 112576K, reserved 1179648K
  class space    used 15349K, committed 16512K, reserved 1048576K
}
Event: 19.945 GC heap after
{Heap after GC invocations=37 (full 0):
 garbage-first heap   total 174080K, used 109816K [0x0000000080000000, 0x0000000100000000)
  region size 1024K, 5 young (5120K), 5 survivors (5120K)
 Metaspace       used 110340K, committed 112576K, reserved 1179648K
  class space    used 15349K, committed 16512K, reserved 1048576K
}
Event: 20.961 GC heap before
{Heap before GC invocations=38 (full 0):
 garbage-first heap   total 193536K, used 156920K [0x0000000080000000, 0x0000000100000000)
  region size 1024K, 52 young (53248K), 5 survivors (5120K)
 Metaspace       used 111179K, committed 113408K, reserved 1179648K
  class space    used 15486K, committed 16640K, reserved 1048576K
}
Event: 20.965 GC heap after
{Heap after GC invocations=39 (full 0):
 garbage-first heap   total 193536K, used 112410K [0x0000000080000000, 0x0000000100000000)
  region size 1024K, 5 young (5120K), 5 survivors (5120K)
 Metaspace       used 111179K, committed 113408K, reserved 1179648K
  class space    used 15486K, committed 16640K, reserved 1048576K
}
Event: 22.123 GC heap before
{Heap before GC invocations=39 (full 0):
 garbage-first heap   total 193536K, used 181018K [0x0000000080000000, 0x0000000100000000)
  region size 1024K, 68 young (69632K), 5 survivors (5120K)
 Metaspace       used 116191K, committed 118400K, reserved 1179648K
  class space    used 16048K, committed 17152K, reserved 1048576K
}
Event: 22.132 GC heap after
{Heap after GC invocations=40 (full 0):
 garbage-first heap   total 193536K, used 114926K [0x0000000080000000, 0x0000000100000000)
  region size 1024K, 9 young (9216K), 9 survivors (9216K)
 Metaspace       used 116191K, committed 118400K, reserved 1179648K
  class space    used 16048K, committed 17152K, reserved 1048576K
}
Event: 37.568 GC heap before
{Heap before GC invocations=40 (full 0):
 garbage-first heap   total 193536K, used 172270K [0x0000000080000000, 0x0000000100000000)
  region size 1024K, 66 young (67584K), 9 survivors (9216K)
 Metaspace       used 117463K, committed 119744K, reserved 1179648K
  class space    used 16234K, committed 17408K, reserved 1048576K
}
Event: 37.579 GC heap after
{Heap after GC invocations=41 (full 0):
 garbage-first heap   total 193536K, used 117773K [0x0000000080000000, 0x0000000100000000)
  region size 1024K, 6 young (6144K), 6 survivors (6144K)
 Metaspace       used 117463K, committed 119744K, reserved 1179648K
  class space    used 16234K, committed 17408K, reserved 1048576K
}
Event: 41.278 GC heap before
{Heap before GC invocations=42 (full 0):
 garbage-first heap   total 206848K, used 174093K [0x0000000080000000, 0x0000000100000000)
  region size 1024K, 62 young (63488K), 6 survivors (6144K)
 Metaspace       used 124128K, committed 126464K, reserved 1179648K
  class space    used 17277K, committed 18432K, reserved 1048576K
}

