# JRE version: OpenJDK Runtime Environment (21.0.3) (build 21.0.3+-12282718-b509.11)
# Java VM: OpenJDK 64-Bit Server VM (21.0.3+-12282718-b509.11, mixed mode, tiered, compressed oops, compressed class ptrs, g1 gc, windows-amd64)
GC Precious Log:
 CardTable entry size: 512
 Card Set container configuration: InlinePtr #cards 5 size 8 Array Of Cards #cards 12 size 40 Howl #buckets 4 coarsen threshold 1843 Howl Bitmap #cards 512 size 80 coarsen threshold 460 Card regions per heap region 1 cards per card region 2048
 CPUs: 12 total, 12 available
 Memory: 7532M
 Large Page Support: Disabled
 NUMA Support: Disabled
 Compressed Oops: Enabled (32-bit)
 Heap Region Size: 1M
 Heap Min Capacity: 8M
 Heap Initial Capacity: 118M
 Heap Max Capacity: 2G
 Pre-touch: Disabled
 Parallel Workers: 10
 Concurrent Workers: 3
 Concurrent Refinement Workers: 10
 Periodic GC: Disabled
Heap:
 garbage-first heap   total 215040K, used 114339K [0x0000000080000000, 0x0000000100000000)
  region size 1024K, 9 young (9216K), 9 survivors (9216K)
 Metaspace       used 64190K, committed 65664K, reserved 1114112K
  class space    used 8761K, committed 9472K, reserved 1048576K
GC Heap History (20 events):
Event: 21.562 GC heap after
{Heap after GC invocations=39 (full 0):
 garbage-first heap   total 178176K, used 83957K [0x0000000080000000, 0x0000000100000000)
  region size 1024K, 7 young (7168K), 7 survivors (7168K)
 Metaspace       used 63494K, committed 64960K, reserved 1114112K
  class space    used 8689K, committed 9408K, reserved 1048576K
}
Event: 21.833 GC heap before
{Heap before GC invocations=40 (full 0):
 garbage-first heap   total 178176K, used 160757K [0x0000000080000000, 0x0000000100000000)
  region size 1024K, 82 young (83968K), 7 survivors (7168K)
 Metaspace       used 63495K, committed 64960K, reserved 1114112K
  class space    used 8689K, committed 9408K, reserved 1048576K
}
Event: 21.840 GC heap after
{Heap after GC invocations=41 (full 0):
 garbage-first heap   total 214016K, used 84591K [0x0000000080000000, 0x0000000100000000)
  region size 1024K, 7 young (7168K), 7 survivors (7168K)
 Metaspace       used 63495K, committed 64960K, reserved 1114112K
  class space    used 8689K, committed 9408K, reserved 1048576K
}
Event: 22.751 GC heap before
{Heap before GC invocations=41 (full 0):
 garbage-first heap   total 214016K, used 197231K [0x0000000080000000, 0x0000000100000000)
  region size 1024K, 115 young (117760K), 7 survivors (7168K)
 Metaspace       used 63639K, committed 65088K, reserved 1114112K
  class space    used 8707K, committed 9408K, reserved 1048576K
}
Event: 22.754 GC heap after
{Heap after GC invocations=42 (full 0):
 garbage-first heap   total 214016K, used 78804K [0x0000000080000000, 0x0000000100000000)
  region size 1024K, 2 young (2048K), 2 survivors (2048K)
 Metaspace       used 63639K, committed 65088K, reserved 1114112K
  class space    used 8707K, committed 9408K, reserved 1048576K
}
Event: 23.242 GC heap before
{Heap before GC invocations=42 (full 0):
 garbage-first heap   total 214016K, used 199636K [0x0000000080000000, 0x0000000100000000)
  region size 1024K, 120 young (122880K), 2 survivors (2048K)
 Metaspace       used 63640K, committed 65088K, reserved 1114112K
  class space    used 8708K, committed 9408K, reserved 1048576K
}
Event: 23.245 GC heap after
{Heap after GC invocations=43 (full 0):
 garbage-first heap   total 214016K, used 79852K [0x0000000080000000, 0x0000000100000000)
  region size 1024K, 4 young (4096K), 4 survivors (4096K)
 Metaspace       used 63640K, committed 65088K, reserved 1114112K
  class space    used 8708K, committed 9408K, reserved 1048576K
}
Event: 23.343 GC heap before
{Heap before GC invocations=43 (full 0):
 garbage-first heap   total 214016K, used 100332K [0x0000000080000000, 0x0000000100000000)
  region size 1024K, 25 young (25600K), 4 survivors (4096K)
 Metaspace       used 63676K, committed 65088K, reserved 1114112K
  class space    used 8711K, committed 9408K, reserved 1048576K
}
Event: 23.347 GC heap after
{Heap after GC invocations=44 (full 0):
 garbage-first heap   total 214016K, used 75210K [0x0000000080000000, 0x0000000100000000)
  region size 1024K, 1 young (1024K), 1 survivors (1024K)
 Metaspace       used 63676K, committed 65088K, reserved 1114112K
  class space    used 8711K, committed 9408K, reserved 1048576K
}
Event: 24.714 GC heap before
{Heap before GC invocations=45 (full 0):
 garbage-first heap   total 214016K, used 203210K [0x0000000080000000, 0x0000000100000000)
  region size 1024K, 124 young (126976K), 1 survivors (1024K)
 Metaspace       used 63930K, committed 65472K, reserved 1114112K
  class space    used 8729K, committed 9472K, reserved 1048576K
}
Event: 24.720 GC heap after
{Heap after GC invocations=46 (full 0):
 garbage-first heap   total 214016K, used 80919K [0x0000000080000000, 0x0000000100000000)
  region size 1024K, 5 young (5120K), 5 survivors (5120K)
 Metaspace       used 63930K, committed 65472K, reserved 1114112K
  class space    used 8729K, committed 9472K, reserved 1048576K
}
Event: 26.287 GC heap before
{Heap before GC invocations=46 (full 0):
 garbage-first heap   total 214016K, used 201751K [0x0000000080000000, 0x0000000100000000)
  region size 1024K, 118 young (120832K), 5 survivors (5120K)
 Metaspace       used 64185K, committed 65664K, reserved 1114112K
  class space    used 8761K, committed 9472K, reserved 1048576K
}
Event: 27.295 GC heap after
{Heap after GC invocations=47 (full 0):
 garbage-first heap   total 215040K, used 91561K [0x0000000080000000, 0x0000000100000000)
  region size 1024K, 10 young (10240K), 10 survivors (10240K)
 Metaspace       used 64185K, committed 65664K, reserved 1114112K
  class space    used 8761K, committed 9472K, reserved 1048576K
}
Event: 28.149 GC heap before
{Heap before GC invocations=47 (full 0):
 garbage-first heap   total 215040K, used 192937K [0x0000000080000000, 0x0000000100000000)
  region size 1024K, 109 young (111616K), 10 survivors (10240K)
 Metaspace       used 64189K, committed 65664K, reserved 1114112K
  class space    used 8761K, committed 9472K, reserved 1048576K
}
Event: 28.157 GC heap after
{Heap after GC invocations=48 (full 0):
 garbage-first heap   total 215040K, used 97476K [0x0000000080000000, 0x0000000100000000)
  region size 1024K, 13 young (13312K), 13 survivors (13312K)
 Metaspace       used 64189K, committed 65664K, reserved 1114112K
  class space    used 8761K, committed 9472K, reserved 1048576K
}
Event: 28.782 GC heap before
{Heap before GC invocations=49 (full 0):
 garbage-first heap   total 215040K, used 188612K [0x0000000080000000, 0x0000000100000000)
  region size 1024K, 102 young (104448K), 13 survivors (13312K)
 Metaspace       used 64189K, committed 65664K, reserved 1114112K
  class space    used 8761K, committed 9472K, reserved 1048576K
}
Event: 28.792 GC heap after
{Heap after GC invocations=50 (full 0):
 garbage-first heap   total 215040K, used 101623K [0x0000000080000000, 0x0000000100000000)
  region size 1024K, 10 young (10240K), 10 survivors (10240K)
 Metaspace       used 64189K, committed 65664K, reserved 1114112K
  class space    used 8761K, committed 9472K, reserved 1048576K
}
Event: 28.800 GC heap before
{Heap before GC invocations=50 (full 0):
 garbage-first heap   total 215040K, used 102647K [0x0000000080000000, 0x0000000100000000)
  region size 1024K, 11 young (11264K), 10 survivors (10240K)
 Metaspace       used 64189K, committed 65664K, reserved 1114112K
  class space    used 8761K, committed 9472K, reserved 1048576K
}
Event: 28.804 GC heap after
{Heap after GC invocations=51 (full 0):
 garbage-first heap   total 215040K, used 102186K [0x0000000080000000, 0x0000000100000000)
  region size 1024K, 2 young (2048K), 2 survivors (2048K)
 Metaspace       used 64189K, committed 65664K, reserved 1114112K
  class space    used 8761K, committed 9472K, reserved 1048576K
}
Event: 29.395 GC heap before
{Heap before GC invocations=51 (full 0):
 garbage-first heap   total 215040K, used 172842K [0x0000000080000000, 0x0000000100000000)
  region size 1024K, 69 young (70656K), 2 survivors (2048K)
 Metaspace       used 64190K, committed 65664K, reserved 1114112K
  class space    used 8761K, committed 9472K, reserved 1048576K
}

