# JRE version: OpenJDK Runtime Environment (21.0.3) (build 21.0.3+-12282718-b509.11)
# Java VM: OpenJDK 64-Bit Server VM (21.0.3+-12282718-b509.11, mixed mode, tiered, compressed oops, compressed class ptrs, g1 gc, windows-amd64)
GC Precious Log:
 CardTable entry size: 512
 Card Set container configuration: InlinePtr #cards 5 size 8 Array Of Cards #cards 12 size 40 Howl #buckets 4 coarsen threshold 1843 Howl Bitmap #cards 512 size 80 coarsen threshold 460 Card regions per heap region 1 cards per card region 2048
 CPUs: 12 total, 12 available
 Memory: 7532M
 Large Page Support: Disabled
 NUMA Support: Disabled
 Compressed Oops: Enabled (32-bit)
 Heap Region Size: 1M
 Heap Min Capacity: 8M
 Heap Initial Capacity: 118M
 Heap Max Capacity: 2G
 Pre-touch: Disabled
 Parallel Workers: 10
 Concurrent Workers: 3
 Concurrent Refinement Workers: 10
 Periodic GC: Disabled
Heap:
 garbage-first heap   total 190464K, used 151300K [0x0000000080000000, 0x0000000100000000)
  region size 1024K, 49 young (50176K), 6 survivors (6144K)
 Metaspace       used 110529K, committed 112704K, reserved 1179648K
  class space    used 15387K, committed 16512K, reserved 1048576K
GC Heap History (20 events):
Event: 9.753 GC heap before
{Heap before GC invocations=24 (full 0):
 garbage-first heap   total 147456K, used 130653K [0x0000000080000000, 0x0000000100000000)
  region size 1024K, 59 young (60416K), 8 survivors (8192K)
 Metaspace       used 85606K, committed 87488K, reserved 1179648K
  class space    used 11650K, committed 12608K, reserved 1048576K
}
Event: 9.759 GC heap after
{Heap after GC invocations=25 (full 0):
 garbage-first heap   total 147456K, used 80288K [0x0000000080000000, 0x0000000100000000)
  region size 1024K, 3 young (3072K), 3 survivors (3072K)
 Metaspace       used 85606K, committed 87488K, reserved 1179648K
  class space    used 11650K, committed 12608K, reserved 1048576K
}
Event: 9.917 GC heap before
{Heap before GC invocations=25 (full 0):
 garbage-first heap   total 147456K, used 99744K [0x0000000080000000, 0x0000000100000000)
  region size 1024K, 23 young (23552K), 3 survivors (3072K)
 Metaspace       used 87055K, committed 88896K, reserved 1179648K
  class space    used 11842K, committed 12800K, reserved 1048576K
}
Event: 9.921 GC heap after
{Heap after GC invocations=26 (full 0):
 garbage-first heap   total 147456K, used 80510K [0x0000000080000000, 0x0000000100000000)
  region size 1024K, 4 young (4096K), 4 survivors (4096K)
 Metaspace       used 87055K, committed 88896K, reserved 1179648K
  class space    used 11842K, committed 12800K, reserved 1048576K
}
Event: 10.455 GC heap before
{Heap before GC invocations=27 (full 0):
 garbage-first heap   total 147456K, used 136830K [0x0000000080000000, 0x0000000100000000)
  region size 1024K, 56 young (57344K), 4 survivors (4096K)
 Metaspace       used 89099K, committed 90944K, reserved 1179648K
  class space    used 12131K, committed 13056K, reserved 1048576K
}
Event: 10.459 GC heap after
{Heap after GC invocations=28 (full 0):
 garbage-first heap   total 147456K, used 88195K [0x0000000080000000, 0x0000000100000000)
  region size 1024K, 7 young (7168K), 7 survivors (7168K)
 Metaspace       used 89099K, committed 90944K, reserved 1179648K
  class space    used 12131K, committed 13056K, reserved 1048576K
}
Event: 10.869 GC heap before
{Heap before GC invocations=28 (full 0):
 garbage-first heap   total 147456K, used 131203K [0x0000000080000000, 0x0000000100000000)
  region size 1024K, 49 young (50176K), 7 survivors (7168K)
 Metaspace       used 92312K, committed 94272K, reserved 1179648K
  class space    used 12603K, committed 13568K, reserved 1048576K
}
Event: 10.875 GC heap after
{Heap after GC invocations=29 (full 0):
 garbage-first heap   total 147456K, used 90705K [0x0000000080000000, 0x0000000100000000)
  region size 1024K, 3 young (3072K), 3 survivors (3072K)
 Metaspace       used 92312K, committed 94272K, reserved 1179648K
  class space    used 12603K, committed 13568K, reserved 1048576K
}
Event: 11.350 GC heap before
{Heap before GC invocations=29 (full 0):
 garbage-first heap   total 147456K, used 135761K [0x0000000080000000, 0x0000000100000000)
  region size 1024K, 47 young (48128K), 3 survivors (3072K)
 Metaspace       used 96007K, committed 97920K, reserved 1179648K
  class space    used 13244K, committed 14208K, reserved 1048576K
}
Event: 11.353 GC heap after
{Heap after GC invocations=30 (full 0):
 garbage-first heap   total 147456K, used 91803K [0x0000000080000000, 0x0000000100000000)
  region size 1024K, 4 young (4096K), 4 survivors (4096K)
 Metaspace       used 96007K, committed 97920K, reserved 1179648K
  class space    used 13244K, committed 14208K, reserved 1048576K
}
Event: 11.797 GC heap before
{Heap before GC invocations=31 (full 0):
 garbage-first heap   total 158720K, used 133787K [0x0000000080000000, 0x0000000100000000)
  region size 1024K, 45 young (46080K), 4 survivors (4096K)
 Metaspace       used 98434K, committed 100480K, reserved 1179648K
  class space    used 13655K, committed 14656K, reserved 1048576K
}
Event: 11.802 GC heap after
{Heap after GC invocations=32 (full 0):
 garbage-first heap   total 158720K, used 94440K [0x0000000080000000, 0x0000000100000000)
  region size 1024K, 5 young (5120K), 5 survivors (5120K)
 Metaspace       used 98434K, committed 100480K, reserved 1179648K
  class space    used 13655K, committed 14656K, reserved 1048576K
}
Event: 12.374 GC heap before
{Heap before GC invocations=32 (full 0):
 garbage-first heap   total 158720K, used 143592K [0x0000000080000000, 0x0000000100000000)
  region size 1024K, 53 young (54272K), 5 survivors (5120K)
 Metaspace       used 102400K, committed 104448K, reserved 1179648K
  class space    used 14217K, committed 15232K, reserved 1048576K
}
Event: 12.379 GC heap after
{Heap after GC invocations=33 (full 0):
 garbage-first heap   total 158720K, used 96157K [0x0000000080000000, 0x0000000100000000)
  region size 1024K, 6 young (6144K), 6 survivors (6144K)
 Metaspace       used 102400K, committed 104448K, reserved 1179648K
  class space    used 14217K, committed 15232K, reserved 1048576K
}
Event: 12.916 GC heap before
{Heap before GC invocations=33 (full 0):
 garbage-first heap   total 158720K, used 141213K [0x0000000080000000, 0x0000000100000000)
  region size 1024K, 51 young (52224K), 6 survivors (6144K)
 Metaspace       used 106539K, committed 108608K, reserved 1179648K
  class space    used 14779K, committed 15808K, reserved 1048576K
}
Event: 12.923 GC heap after
{Heap after GC invocations=34 (full 0):
 garbage-first heap   total 190464K, used 99444K [0x0000000080000000, 0x0000000100000000)
  region size 1024K, 6 young (6144K), 6 survivors (6144K)
 Metaspace       used 106539K, committed 108608K, reserved 1179648K
  class space    used 14779K, committed 15808K, reserved 1048576K
}
Event: 13.709 GC heap before
{Heap before GC invocations=35 (full 0):
 garbage-first heap   total 190464K, used 172148K [0x0000000080000000, 0x0000000100000000)
  region size 1024K, 77 young (78848K), 6 survivors (6144K)
 Metaspace       used 109707K, committed 111808K, reserved 1179648K
  class space    used 15253K, committed 16320K, reserved 1048576K
}
Event: 13.719 GC heap after
{Heap after GC invocations=36 (full 0):
 garbage-first heap   total 190464K, used 106591K [0x0000000080000000, 0x0000000100000000)
  region size 1024K, 10 young (10240K), 10 survivors (10240K)
 Metaspace       used 109707K, committed 111808K, reserved 1179648K
  class space    used 15253K, committed 16320K, reserved 1048576K
}
Event: 14.084 GC heap before
{Heap before GC invocations=36 (full 0):
 garbage-first heap   total 190464K, used 168031K [0x0000000080000000, 0x0000000100000000)
  region size 1024K, 71 young (72704K), 10 survivors (10240K)
 Metaspace       used 110261K, committed 112448K, reserved 1179648K
  class space    used 15354K, committed 16448K, reserved 1048576K
}
Event: 14.094 GC heap after
{Heap after GC invocations=37 (full 0):
 garbage-first heap   total 190464K, used 109316K [0x0000000080000000, 0x0000000100000000)
  region size 1024K, 6 young (6144K), 6 survivors (6144K)
 Metaspace       used 110261K, committed 112448K, reserved 1179648K
  class space    used 15354K, committed 16448K, reserved 1048576K
}

